# JRE version: 7.0_11-b21
# Java VM: Java HotSpot(TM) Client VM (23.6-b04 mixed mode windows-x86 )
Heap
 def new generation   total 26304K, used 8508K [0x102e0000, 0x11f60000, 0x122e0000)
  eden space 23424K,  34% used [0x102e0000, 0x10ad02b0, 0x119c0000)
  from space 2880K,  13% used [0x119c0000, 0x11a1ee50, 0x11c90000)
  to   space 2880K,   0% used [0x11c90000, 0x11c90000, 0x11f60000)
 tenured generation   total 87404K, used 68265K [0x122e0000, 0x1783b000, 0x182e0000)
   the space 87404K,  78% used [0x122e0000, 0x1658a470, 0x1658a600, 0x1783b000)
 compacting perm gen  total 38144K, used 38128K [0x182e0000, 0x1a820000, 0x1e2e0000)
   the space 38144K,  99% used [0x182e0000, 0x1a81c020, 0x1a81c200, 0x1a820000)
GC Heap History (10 events):
Event: 1107.560 GC heap before
{Heap before GC invocations=229 (full 3):
 def new generation   total 26304K, used 24839K [0x102e0000, 0x11f60000, 0x122e0000)
  eden space 23424K, 100% used [0x102e0000, 0x119c0000, 0x119c0000)
  from space 2880K,  49% used [0x11c90000, 0x11df1d58, 0x11f60000)
  to   space 2880K,   0% used [0x119c0000, 0x119c0000, 0x11c90000)
 tenured generation   total 87404K, used 56814K [0x122e0000, 0x1783b000, 0x182e0000)
   the space 87404K,  65% used [0x122e0000, 0x15a5ba20, 0x15a5bc00, 0x1783b000)
 compacting perm gen  total 38144K, used 38123K [0x182e0000, 0x1a820000, 0x1e2e0000)
   the space 38144K,  99% used [0x182e0000, 0x1a81ae60, 0x1a81b000, 0x1a820000)
No shared spaces configured.
Event: 1107.575 GC heap after
Heap after GC invocations=230 (full 3):
 def new generation   total 26304K, used 2880K [0x102e0000, 0x11f60000, 0x122e0000)
  eden space 23424K,   0% used [0x102e0000, 0x102e0000, 0x119c0000)
  from space 2880K, 100% used [0x119c0000, 0x11c90000, 0x11c90000)
  to   space 2880K,   0% used [0x11c90000, 0x11c90000, 0x11f60000)
 tenured generation   total 87404K, used 59813K [0x122e0000, 0x1783b000, 0x182e0000)
   the space 87404K,  68% used [0x122e0000, 0x15d49448, 0x15d49600, 0x1783b000)
 compacting perm gen  total 38144K, used 38123K [0x182e0000, 0x1a820000, 0x1e2e0000)
   the space 38144K,  99% used [0x182e0000, 0x1a81ae60, 0x1a81b000, 0x1a820000)
No shared spaces configured.
}
Event: 1109.579 GC heap before
{Heap before GC invocations=230 (full 3):
 def new generation   total 26304K, used 26304K [0x102e0000, 0x11f60000, 0x122e0000)
  eden space 23424K, 100% used [0x102e0000, 0x119c0000, 0x119c0000)
  from space 2880K, 100% used [0x119c0000, 0x11c90000, 0x11c90000)
  to   space 2880K,   0% used [0x11c90000, 0x11c90000, 0x11f60000)
 tenured generation   total 87404K, used 59813K [0x122e0000, 0x1783b000, 0x182e0000)
   the space 87404K,  68% used [0x122e0000, 0x15d49448, 0x15d49600, 0x1783b000)
 compacting perm gen  total 38144K, used 38124K [0x182e0000, 0x1a820000, 0x1e2e0000)
   the space 38144K,  99% used [0x182e0000, 0x1a81b348, 0x1a81b400, 0x1a820000)
No shared spaces configured.
Event: 1109.593 GC heap after
Heap after GC invocations=231 (full 3):
 def new generation   total 26304K, used 601K [0x102e0000, 0x11f60000, 0x122e0000)
  eden space 23424K,   0% used [0x102e0000, 0x102e0000, 0x119c0000)
  from space 2880K,  20% used [0x11c90000, 0x11d26698, 0x11f60000)
  to   space 2880K,   0% used [0x119c0000, 0x119c0000, 0x11c90000)
 tenured generation   total 87404K, used 66306K [0x122e0000, 0x1783b000, 0x182e0000)
   the space 87404K,  75% used [0x122e0000, 0x163a0ba0, 0x163a0c00, 0x1783b000)
 compacting perm gen  total 38144K, used 38124K [0x182e0000, 0x1a820000, 0x1e2e0000)
   the space 38144K,  99% used [0x182e0000, 0x1a81b348, 0x1a81b400, 0x1a820000)
No shared spaces configured.
}
Event: 1118.341 GC heap before
{Heap before GC invocations=231 (full 3):
 def new generation   total 26304K, used 24025K [0x102e0000, 0x11f60000, 0x122e0000)
  eden space 23424K, 100% used [0x102e0000, 0x119c0000, 0x119c0000)
  from space 2880K,  20% used [0x11c90000, 0x11d26698, 0x11f60000)
  to   space 2880K,   0% used [0x119c0000, 0x119c0000, 0x11c90000)
 tenured generation   total 87404K, used 66306K [0x122e0000, 0x1783b000, 0x182e0000)
   the space 87404K,  75% used [0x122e0000, 0x163a0ba0, 0x163a0c00, 0x1783b000)
 compacting perm gen  total 38144K, used 38128K [0x182e0000, 0x1a820000, 0x1e2e0000)
   the space 38144K,  99% used [0x182e0000, 0x1a81c010, 0x1a81c200, 0x1a820000)
No shared spaces configured.
Event: 1118.349 GC heap after
Heap after GC invocations=232 (full 3):
 def new generation   total 26304K, used 992K [0x102e0000, 0x11f60000, 0x122e0000)
  eden space 23424K,   0% used [0x102e0000, 0x102e0000, 0x119c0000)
  from space 2880K,  34% used [0x119c0000, 0x11ab80b8, 0x11c90000)
  to   space 2880K,   0% used [0x11c90000, 0x11c90000, 0x11f60000)
 tenured generation   total 87404K, used 66306K [0x122e0000, 0x1783b000, 0x182e0000)
   the space 87404K,  75% used [0x122e0000, 0x163a0ba0, 0x163a0c00, 0x1783b000)
 compacting perm gen  total 38144K, used 38128K [0x182e0000, 0x1a820000, 0x1e2e0000)
   the space 38144K,  99% used [0x182e0000, 0x1a81c010, 0x1a81c200, 0x1a820000)
No shared spaces configured.
}
Event: 1121.226 GC heap before
{Heap before GC invocations=232 (full 3):
 def new generation   total 26304K, used 24416K [0x102e0000, 0x11f60000, 0x122e0000)
  eden space 23424K, 100% used [0x102e0000, 0x119c0000, 0x119c0000)
  from space 2880K,  34% used [0x119c0000, 0x11ab80b8, 0x11c90000)
  to   space 2880K,   0% used [0x11c90000, 0x11c90000, 0x11f60000)
 tenured generation   total 87404K, used 66306K [0x122e0000, 0x1783b000, 0x182e0000)
   the space 87404K,  75% used [0x122e0000, 0x163a0ba0, 0x163a0c00, 0x1783b000)
 compacting perm gen  total 38144K, used 38128K [0x182e0000, 0x1a820000, 0x1e2e0000)
   the space 38144K,  99% used [0x182e0000, 0x1a81c020, 0x1a81c200, 0x1a820000)
No shared spaces configured.
Event: 1121.238 GC heap after
Heap after GC invocations=233 (full 3):
 def new generation   total 26304K, used 2335K [0x102e0000, 0x11f60000, 0x122e0000)
  eden space 23424K,   0% used [0x102e0000, 0x102e0000, 0x119c0000)
  from space 2880K,  81% used [0x11c90000, 0x11ed7d10, 0x11f60000)
  to   space 2880K,   0% used [0x119c0000, 0x119c0000, 0x11c90000)
 tenured generation   total 87404K, used 66306K [0x122e0000, 0x1783b000, 0x182e0000)
   the space 87404K,  75% used [0x122e0000, 0x163a0ba0, 0x163a0c00, 0x1783b000)
 compacting perm gen  total 38144K, used 38128K [0x182e0000, 0x1a820000, 0x1e2e0000)
   the space 38144K,  99% used [0x182e0000, 0x1a81c020, 0x1a81c200, 0x1a820000)
No shared spaces configured.
}
Event: 1154.586 GC heap before
{Heap before GC invocations=233 (full 3):
 def new generation   total 26304K, used 25759K [0x102e0000, 0x11f60000, 0x122e0000)
  eden space 23424K, 100% used [0x102e0000, 0x119c0000, 0x119c0000)
  from space 2880K,  81% used [0x11c90000, 0x11ed7d10, 0x11f60000)
  to   space 2880K,   0% used [0x119c0000, 0x119c0000, 0x11c90000)
 tenured generation   total 87404K, used 66306K [0x122e0000, 0x1783b000, 0x182e0000)
   the space 87404K,  75% used [0x122e0000, 0x163a0ba0, 0x163a0c00, 0x1783b000)
 compacting perm gen  total 38144K, used 38128K [0x182e0000, 0x1a820000, 0x1e2e0000)
   the space 38144K,  99% used [0x182e0000, 0x1a81c020, 0x1a81c200, 0x1a820000)
No shared spaces configured.
Event: 1154.596 GC heap after
Heap after GC invocations=234 (full 3):
 def new generation   total 26304K, used 379K [0x102e0000, 0x11f60000, 0x122e0000)
  eden space 23424K,   0% used [0x102e0000, 0x102e0000, 0x119c0000)
  from space 2880K,  13% used [0x119c0000, 0x11a1ee50, 0x11c90000)
  to   space 2880K,   0% used [0x11c90000, 0x11c90000, 0x11f60000)
 tenured generation   total 87404K, used 68265K [0x122e0000, 0x1783b000, 0x182e0000)
   the space 87404K,  78% used [0x122e0000, 0x1658a470, 0x1658a600, 0x1783b000)
 compacting perm gen  total 38144K, used 38128K [0x182e0000, 0x1a820000, 0x1e2e0000)
   the space 38144K,  99% used [0x182e0000, 0x1a81c020, 0x1a81c200, 0x1a820000)
No shared spaces configured.
}

