# JRE version: 7.0_11-b21
# Java VM: Java HotSpot(TM) Client VM (23.6-b04 mixed mode windows-x86 )
Heap
 def new generation   total 24768K, used 22670K [0x102e0000, 0x11dc0000, 0x122e0000)
  eden space 22016K,  99% used [0x102e0000, 0x1185c170, 0x11860000)
  from space 2752K,  24% used [0x11b10000, 0x11bb7768, 0x11dc0000)
  to   space 2752K,   0% used [0x11860000, 0x11860000, 0x11b10000)
 tenured generation   total 82256K, used 60504K [0x122e0000, 0x17334000, 0x182e0000)
   the space 82256K,  73% used [0x122e0000, 0x15df63a0, 0x15df6400, 0x17334000)
 compacting perm gen  total 36352K, used 36351K [0x182e0000, 0x1a660000, 0x1e2e0000)
   the space 36352K,  99% used [0x182e0000, 0x1a65fce0, 0x1a65fe00, 0x1a660000)
GC Heap History (10 events):
Event: 577.332 GC heap before
{Heap before GC invocations=121 (full 1):
 def new generation   total 24768K, used 23420K [0x102e0000, 0x11dc0000, 0x122e0000)
  eden space 22016K, 100% used [0x102e0000, 0x11860000, 0x11860000)
  from space 2752K,  51% used [0x11860000, 0x119bf348, 0x11b10000)
  to   space 2752K,   0% used [0x11b10000, 0x11b10000, 0x11dc0000)
 tenured generation   total 82256K, used 57444K [0x122e0000, 0x17334000, 0x182e0000)
   the space 82256K,  69% used [0x122e0000, 0x15af9060, 0x15af9200, 0x17334000)
 compacting perm gen  total 36352K, used 36197K [0x182e0000, 0x1a660000, 0x1e2e0000)
   the space 36352K,  99% used [0x182e0000, 0x1a639508, 0x1a639600, 0x1a660000)
No shared spaces configured.
Event: 577.338 GC heap after
Heap after GC invocations=122 (full 1):
 def new generation   total 24768K, used 1373K [0x102e0000, 0x11dc0000, 0x122e0000)
  eden space 22016K,   0% used [0x102e0000, 0x102e0000, 0x11860000)
  from space 2752K,  49% used [0x11b10000, 0x11c67570, 0x11dc0000)
  to   space 2752K,   0% used [0x11860000, 0x11860000, 0x11b10000)
 tenured generation   total 82256K, used 57508K [0x122e0000, 0x17334000, 0x182e0000)
   the space 82256K,  69% used [0x122e0000, 0x15b092a0, 0x15b09400, 0x17334000)
 compacting perm gen  total 36352K, used 36197K [0x182e0000, 0x1a660000, 0x1e2e0000)
   the space 36352K,  99% used [0x182e0000, 0x1a639508, 0x1a639600, 0x1a660000)
No shared spaces configured.
}
Event: 577.525 GC heap before
{Heap before GC invocations=122 (full 1):
 def new generation   total 24768K, used 23389K [0x102e0000, 0x11dc0000, 0x122e0000)
  eden space 22016K, 100% used [0x102e0000, 0x11860000, 0x11860000)
  from space 2752K,  49% used [0x11b10000, 0x11c67570, 0x11dc0000)
  to   space 2752K,   0% used [0x11860000, 0x11860000, 0x11b10000)
 tenured generation   total 82256K, used 57508K [0x122e0000, 0x17334000, 0x182e0000)
   the space 82256K,  69% used [0x122e0000, 0x15b092a0, 0x15b09400, 0x17334000)
 compacting perm gen  total 36352K, used 36225K [0x182e0000, 0x1a660000, 0x1e2e0000)
   the space 36352K,  99% used [0x182e0000, 0x1a640620, 0x1a640800, 0x1a660000)
No shared spaces configured.
Event: 577.539 GC heap after
Heap after GC invocations=123 (full 1):
 def new generation   total 24768K, used 2752K [0x102e0000, 0x11dc0000, 0x122e0000)
  eden space 22016K,   0% used [0x102e0000, 0x102e0000, 0x11860000)
  from space 2752K, 100% used [0x11860000, 0x11b10000, 0x11b10000)
  to   space 2752K,   0% used [0x11b10000, 0x11b10000, 0x11dc0000)
 tenured generation   total 82256K, used 58020K [0x122e0000, 0x17334000, 0x182e0000)
   the space 82256K,  70% used [0x122e0000, 0x15b893e8, 0x15b89400, 0x17334000)
 compacting perm gen  total 36352K, used 36225K [0x182e0000, 0x1a660000, 0x1e2e0000)
   the space 36352K,  99% used [0x182e0000, 0x1a640620, 0x1a640800, 0x1a660000)
No shared spaces configured.
}
Event: 579.508 GC heap before
{Heap before GC invocations=123 (full 1):
 def new generation   total 24768K, used 24768K [0x102e0000, 0x11dc0000, 0x122e0000)
  eden space 22016K, 100% used [0x102e0000, 0x11860000, 0x11860000)
  from space 2752K, 100% used [0x11860000, 0x11b10000, 0x11b10000)
  to   space 2752K,   0% used [0x11b10000, 0x11b10000, 0x11dc0000)
 tenured generation   total 82256K, used 58020K [0x122e0000, 0x17334000, 0x182e0000)
   the space 82256K,  70% used [0x122e0000, 0x15b893e8, 0x15b89400, 0x17334000)
 compacting perm gen  total 36352K, used 36340K [0x182e0000, 0x1a660000, 0x1e2e0000)
   the space 36352K,  99% used [0x182e0000, 0x1a65d388, 0x1a65d400, 0x1a660000)
No shared spaces configured.
Event: 579.520 GC heap after
Heap after GC invocations=124 (full 1):
 def new generation   total 24768K, used 451K [0x102e0000, 0x11dc0000, 0x122e0000)
  eden space 22016K,   0% used [0x102e0000, 0x102e0000, 0x11860000)
  from space 2752K,  16% used [0x11b10000, 0x11b80f68, 0x11dc0000)
  to   space 2752K,   0% used [0x11860000, 0x11860000, 0x11b10000)
 tenured generation   total 82256K, used 60504K [0x122e0000, 0x17334000, 0x182e0000)
   the space 82256K,  73% used [0x122e0000, 0x15df63a0, 0x15df6400, 0x17334000)
 compacting perm gen  total 36352K, used 36340K [0x182e0000, 0x1a660000, 0x1e2e0000)
   the space 36352K,  99% used [0x182e0000, 0x1a65d388, 0x1a65d400, 0x1a660000)
No shared spaces configured.
}
Event: 587.430 GC heap before
{Heap before GC invocations=124 (full 1):
 def new generation   total 24768K, used 22467K [0x102e0000, 0x11dc0000, 0x122e0000)
  eden space 22016K, 100% used [0x102e0000, 0x11860000, 0x11860000)
  from space 2752K,  16% used [0x11b10000, 0x11b80f68, 0x11dc0000)
  to   space 2752K,   0% used [0x11860000, 0x11860000, 0x11b10000)
 tenured generation   total 82256K, used 60504K [0x122e0000, 0x17334000, 0x182e0000)
   the space 82256K,  73% used [0x122e0000, 0x15df63a0, 0x15df6400, 0x17334000)
 compacting perm gen  total 36352K, used 36345K [0x182e0000, 0x1a660000, 0x1e2e0000)
   the space 36352K,  99% used [0x182e0000, 0x1a65e798, 0x1a65e800, 0x1a660000)
No shared spaces configured.
Event: 587.435 GC heap after
Heap after GC invocations=125 (full 1):
 def new generation   total 24768K, used 471K [0x102e0000, 0x11dc0000, 0x122e0000)
  eden space 22016K,   0% used [0x102e0000, 0x102e0000, 0x11860000)
  from space 2752K,  17% used [0x11860000, 0x118d5f00, 0x11b10000)
  to   space 2752K,   0% used [0x11b10000, 0x11b10000, 0x11dc0000)
 tenured generation   total 82256K, used 60504K [0x122e0000, 0x17334000, 0x182e0000)
   the space 82256K,  73% used [0x122e0000, 0x15df63a0, 0x15df6400, 0x17334000)
 compacting perm gen  total 36352K, used 36345K [0x182e0000, 0x1a660000, 0x1e2e0000)
   the space 36352K,  99% used [0x182e0000, 0x1a65e798, 0x1a65e800, 0x1a660000)
No shared spaces configured.
}
Event: 590.369 GC heap before
{Heap before GC invocations=125 (full 1):
 def new generation   total 24768K, used 22487K [0x102e0000, 0x11dc0000, 0x122e0000)
  eden space 22016K, 100% used [0x102e0000, 0x11860000, 0x11860000)
  from space 2752K,  17% used [0x11860000, 0x118d5f00, 0x11b10000)
  to   space 2752K,   0% used [0x11b10000, 0x11b10000, 0x11dc0000)
 tenured generation   total 82256K, used 60504K [0x122e0000, 0x17334000, 0x182e0000)
   the space 82256K,  73% used [0x122e0000, 0x15df63a0, 0x15df6400, 0x17334000)
 compacting perm gen  total 36352K, used 36349K [0x182e0000, 0x1a660000, 0x1e2e0000)
   the space 36352K,  99% used [0x182e0000, 0x1a65f500, 0x1a65f600, 0x1a660000)
No shared spaces configured.
Event: 590.373 GC heap after
Heap after GC invocations=126 (full 1):
 def new generation   total 24768K, used 669K [0x102e0000, 0x11dc0000, 0x122e0000)
  eden space 22016K,   0% used [0x102e0000, 0x102e0000, 0x11860000)
  from space 2752K,  24% used [0x11b10000, 0x11bb7768, 0x11dc0000)
  to   space 2752K,   0% used [0x11860000, 0x11860000, 0x11b10000)
 tenured generation   total 82256K, used 60504K [0x122e0000, 0x17334000, 0x182e0000)
   the space 82256K,  73% used [0x122e0000, 0x15df63a0, 0x15df6400, 0x17334000)
 compacting perm gen  total 36352K, used 36349K [0x182e0000, 0x1a660000, 0x1e2e0000)
   the space 36352K,  99% used [0x182e0000, 0x1a65f500, 0x1a65f600, 0x1a660000)
No shared spaces configured.
}

