# JRE version: 7.0_11-b21
# Java VM: Java HotSpot(TM) Client VM (23.6-b04 mixed mode windows-x86 )
Heap
 def new generation   total 28992K, used 24512K [0x102e0000, 0x12250000, 0x122e0000)
  eden space 25792K,  82% used [0x102e0000, 0x117b0308, 0x11c10000)
  from space 3200K, 100% used [0x11c10000, 0x11f30000, 0x11f30000)
  to   space 3200K,   0% used [0x11f30000, 0x11f30000, 0x12250000)
 tenured generation   total 96300K, used 83135K [0x122e0000, 0x180eb000, 0x182e0000)
   the space 96300K,  86% used [0x122e0000, 0x1740fd00, 0x1740fe00, 0x180eb000)
 compacting perm gen  total 40448K, used 40275K [0x182e0000, 0x1aa60000, 0x1e2e0000)
   the space 40448K,  99% used [0x182e0000, 0x1aa34e90, 0x1aa35000, 0x1aa60000)
GC Heap History (10 events):
Event: 101637.853 GC heap before
{Heap before GC invocations=1686 (full 9):
 def new generation   total 28992K, used 26170K [0x102e0000, 0x12250000, 0x122e0000)
  eden space 25792K, 100% used [0x102e0000, 0x11c10000, 0x11c10000)
  from space 3200K,  11% used [0x11f30000, 0x11f8ebb8, 0x12250000)
  to   space 3200K,   0% used [0x11c10000, 0x11c10000, 0x11f30000)
 tenured generation   total 96300K, used 82002K [0x122e0000, 0x180eb000, 0x182e0000)
   the space 96300K,  85% used [0x122e0000, 0x172f4aa0, 0x172f4c00, 0x180eb000)
 compacting perm gen  total 38912K, used 38673K [0x182e0000, 0x1a8e0000, 0x1e2e0000)
   the space 38912K,  99% used [0x182e0000, 0x1a8a47c8, 0x1a8a4800, 0x1a8e0000)
No shared spaces configured.
Event: 101637.858 GC heap after
Heap after GC invocations=1687 (full 9):
 def new generation   total 28992K, used 402K [0x102e0000, 0x12250000, 0x122e0000)
  eden space 25792K,   0% used [0x102e0000, 0x102e0000, 0x11c10000)
  from space 3200K,  12% used [0x11c10000, 0x11c749f8, 0x11f30000)
  to   space 3200K,   0% used [0x11f30000, 0x11f30000, 0x12250000)
 tenured generation   total 96300K, used 82002K [0x122e0000, 0x180eb000, 0x182e0000)
   the space 96300K,  85% used [0x122e0000, 0x172f4aa0, 0x172f4c00, 0x180eb000)
 compacting perm gen  total 38912K, used 38673K [0x182e0000, 0x1a8e0000, 0x1e2e0000)
   the space 38912K,  99% used [0x182e0000, 0x1a8a47c8, 0x1a8a4800, 0x1a8e0000)
No shared spaces configured.
}
Event: 101665.440 GC heap before
{Heap before GC invocations=1687 (full 9):
 def new generation   total 28992K, used 26194K [0x102e0000, 0x12250000, 0x122e0000)
  eden space 25792K, 100% used [0x102e0000, 0x11c10000, 0x11c10000)
  from space 3200K,  12% used [0x11c10000, 0x11c749f8, 0x11f30000)
  to   space 3200K,   0% used [0x11f30000, 0x11f30000, 0x12250000)
 tenured generation   total 96300K, used 82002K [0x122e0000, 0x180eb000, 0x182e0000)
   the space 96300K,  85% used [0x122e0000, 0x172f4aa0, 0x172f4c00, 0x180eb000)
 compacting perm gen  total 38912K, used 38673K [0x182e0000, 0x1a8e0000, 0x1e2e0000)
   the space 38912K,  99% used [0x182e0000, 0x1a8a47c8, 0x1a8a4800, 0x1a8e0000)
No shared spaces configured.
Event: 101665.446 GC heap after
Heap after GC invocations=1688 (full 9):
 def new generation   total 28992K, used 710K [0x102e0000, 0x12250000, 0x122e0000)
  eden space 25792K,   0% used [0x102e0000, 0x102e0000, 0x11c10000)
  from space 3200K,  22% used [0x11f30000, 0x11fe1a88, 0x12250000)
  to   space 3200K,   0% used [0x11c10000, 0x11c10000, 0x11f30000)
 tenured generation   total 96300K, used 82002K [0x122e0000, 0x180eb000, 0x182e0000)
   the space 96300K,  85% used [0x122e0000, 0x172f4aa0, 0x172f4c00, 0x180eb000)
 compacting perm gen  total 38912K, used 38673K [0x182e0000, 0x1a8e0000, 0x1e2e0000)
   the space 38912K,  99% used [0x182e0000, 0x1a8a47c8, 0x1a8a4800, 0x1a8e0000)
No shared spaces configured.
}
Event: 101720.812 GC heap before
{Heap before GC invocations=1688 (full 9):
 def new generation   total 28992K, used 26502K [0x102e0000, 0x12250000, 0x122e0000)
  eden space 25792K, 100% used [0x102e0000, 0x11c10000, 0x11c10000)
  from space 3200K,  22% used [0x11f30000, 0x11fe1a88, 0x12250000)
  to   space 3200K,   0% used [0x11c10000, 0x11c10000, 0x11f30000)
 tenured generation   total 96300K, used 82002K [0x122e0000, 0x180eb000, 0x182e0000)
   the space 96300K,  85% used [0x122e0000, 0x172f4aa0, 0x172f4c00, 0x180eb000)
 compacting perm gen  total 38912K, used 38673K [0x182e0000, 0x1a8e0000, 0x1e2e0000)
   the space 38912K,  99% used [0x182e0000, 0x1a8a47c8, 0x1a8a4800, 0x1a8e0000)
No shared spaces configured.
Event: 101720.817 GC heap after
Heap after GC invocations=1689 (full 9):
 def new generation   total 28992K, used 713K [0x102e0000, 0x12250000, 0x122e0000)
  eden space 25792K,   0% used [0x102e0000, 0x102e0000, 0x11c10000)
  from space 3200K,  22% used [0x11c10000, 0x11cc27d0, 0x11f30000)
  to   space 3200K,   0% used [0x11f30000, 0x11f30000, 0x12250000)
 tenured generation   total 96300K, used 82002K [0x122e0000, 0x180eb000, 0x182e0000)
   the space 96300K,  85% used [0x122e0000, 0x172f4aa0, 0x172f4c00, 0x180eb000)
 compacting perm gen  total 38912K, used 38673K [0x182e0000, 0x1a8e0000, 0x1e2e0000)
   the space 38912K,  99% used [0x182e0000, 0x1a8a47c8, 0x1a8a4800, 0x1a8e0000)
No shared spaces configured.
}
Event: 101721.269 GC heap before
{Heap before GC invocations=1689 (full 9):
 def new generation   total 28992K, used 26505K [0x102e0000, 0x12250000, 0x122e0000)
  eden space 25792K, 100% used [0x102e0000, 0x11c10000, 0x11c10000)
  from space 3200K,  22% used [0x11c10000, 0x11cc27d0, 0x11f30000)
  to   space 3200K,   0% used [0x11f30000, 0x11f30000, 0x12250000)
 tenured generation   total 96300K, used 82002K [0x122e0000, 0x180eb000, 0x182e0000)
   the space 96300K,  85% used [0x122e0000, 0x172f4aa0, 0x172f4c00, 0x180eb000)
 compacting perm gen  total 39168K, used 38933K [0x182e0000, 0x1a920000, 0x1e2e0000)
   the space 39168K,  99% used [0x182e0000, 0x1a8e5660, 0x1a8e5800, 0x1a920000)
No shared spaces configured.
Event: 101721.276 GC heap after
Heap after GC invocations=1690 (full 9):
 def new generation   total 28992K, used 1555K [0x102e0000, 0x12250000, 0x122e0000)
  eden space 25792K,   0% used [0x102e0000, 0x102e0000, 0x11c10000)
  from space 3200K,  48% used [0x11f30000, 0x120b4e80, 0x12250000)
  to   space 3200K,   0% used [0x11c10000, 0x11c10000, 0x11f30000)
 tenured generation   total 96300K, used 82002K [0x122e0000, 0x180eb000, 0x182e0000)
   the space 96300K,  85% used [0x122e0000, 0x172f4aa0, 0x172f4c00, 0x180eb000)
 compacting perm gen  total 39168K, used 38933K [0x182e0000, 0x1a920000, 0x1e2e0000)
   the space 39168K,  99% used [0x182e0000, 0x1a8e5660, 0x1a8e5800, 0x1a920000)
No shared spaces configured.
}
Event: 101722.037 GC heap before
{Heap before GC invocations=1690 (full 9):
 def new generation   total 28992K, used 27347K [0x102e0000, 0x12250000, 0x122e0000)
  eden space 25792K, 100% used [0x102e0000, 0x11c10000, 0x11c10000)
  from space 3200K,  48% used [0x11f30000, 0x120b4e80, 0x12250000)
  to   space 3200K,   0% used [0x11c10000, 0x11c10000, 0x11f30000)
 tenured generation   total 96300K, used 82002K [0x122e0000, 0x180eb000, 0x182e0000)
   the space 96300K,  85% used [0x122e0000, 0x172f4aa0, 0x172f4c00, 0x180eb000)
 compacting perm gen  total 39680K, used 39671K [0x182e0000, 0x1a9a0000, 0x1e2e0000)
   the space 39680K,  99% used [0x182e0000, 0x1a99de10, 0x1a99e000, 0x1a9a0000)
No shared spaces configured.
Event: 101722.051 GC heap after
Heap after GC invocations=1691 (full 9):
 def new generation   total 28992K, used 3200K [0x102e0000, 0x12250000, 0x122e0000)
  eden space 25792K,   0% used [0x102e0000, 0x102e0000, 0x11c10000)
  from space 3200K, 100% used [0x11c10000, 0x11f30000, 0x11f30000)
  to   space 3200K,   0% used [0x11f30000, 0x11f30000, 0x12250000)
 tenured generation   total 96300K, used 83135K [0x122e0000, 0x180eb000, 0x182e0000)
   the space 96300K,  86% used [0x122e0000, 0x1740fd00, 0x1740fe00, 0x180eb000)
 compacting perm gen  total 39680K, used 39671K [0x182e0000, 0x1a9a0000, 0x1e2e0000)
   the space 39680K,  99% used [0x182e0000, 0x1a99de10, 0x1a99e000, 0x1a9a0000)
No shared spaces configured.
}

