# JRE version: 7.0_11-b21
# Java VM: Java HotSpot(TM) Client VM (23.6-b04 mixed mode windows-x86 )
Heap
 def new generation   total 24704K, used 8375K [0x102e0000, 0x11da0000, 0x122e0000)
  eden space 22016K,  34% used [0x102e0000, 0x10a4cba8, 0x11860000)
  from space 2688K,  28% used [0x11860000, 0x11921368, 0x11b00000)
  to   space 2688K,   0% used [0x11b00000, 0x11b00000, 0x11da0000)
 tenured generation   total 81920K, used 72071K [0x122e0000, 0x172e0000, 0x182e0000)
   the space 81920K,  87% used [0x122e0000, 0x16941c18, 0x16941e00, 0x172e0000)
 compacting perm gen  total 37888K, used 37758K [0x182e0000, 0x1a7e0000, 0x1e2e0000)
   the space 37888K,  99% used [0x182e0000, 0x1a7bf848, 0x1a7bfa00, 0x1a7e0000)
GC Heap History (10 events):
Event: 799.653 GC heap before
{Heap before GC invocations=187 (full 2):
 def new generation   total 24704K, used 22768K [0x102e0000, 0x11da0000, 0x122e0000)
  eden space 22016K, 100% used [0x102e0000, 0x11860000, 0x11860000)
  from space 2688K,  28% used [0x11b00000, 0x11bbc3b0, 0x11da0000)
  to   space 2688K,   0% used [0x11860000, 0x11860000, 0x11b00000)
 tenured generation   total 81920K, used 72071K [0x122e0000, 0x172e0000, 0x182e0000)
   the space 81920K,  87% used [0x122e0000, 0x16941c18, 0x16941e00, 0x172e0000)
 compacting perm gen  total 37888K, used 37743K [0x182e0000, 0x1a7e0000, 0x1e2e0000)
   the space 37888K,  99% used [0x182e0000, 0x1a7bbcf0, 0x1a7bbe00, 0x1a7e0000)
No shared spaces configured.
Event: 799.657 GC heap after
Heap after GC invocations=188 (full 2):
 def new generation   total 24704K, used 529K [0x102e0000, 0x11da0000, 0x122e0000)
  eden space 22016K,   0% used [0x102e0000, 0x102e0000, 0x11860000)
  from space 2688K,  19% used [0x11860000, 0x118e4570, 0x11b00000)
  to   space 2688K,   0% used [0x11b00000, 0x11b00000, 0x11da0000)
 tenured generation   total 81920K, used 72071K [0x122e0000, 0x172e0000, 0x182e0000)
   the space 81920K,  87% used [0x122e0000, 0x16941c18, 0x16941e00, 0x172e0000)
 compacting perm gen  total 37888K, used 37743K [0x182e0000, 0x1a7e0000, 0x1e2e0000)
   the space 37888K,  99% used [0x182e0000, 0x1a7bbcf0, 0x1a7bbe00, 0x1a7e0000)
No shared spaces configured.
}
Event: 874.652 GC heap before
{Heap before GC invocations=188 (full 2):
 def new generation   total 24704K, used 22545K [0x102e0000, 0x11da0000, 0x122e0000)
  eden space 22016K, 100% used [0x102e0000, 0x11860000, 0x11860000)
  from space 2688K,  19% used [0x11860000, 0x118e4570, 0x11b00000)
  to   space 2688K,   0% used [0x11b00000, 0x11b00000, 0x11da0000)
 tenured generation   total 81920K, used 72071K [0x122e0000, 0x172e0000, 0x182e0000)
   the space 81920K,  87% used [0x122e0000, 0x16941c18, 0x16941e00, 0x172e0000)
 compacting perm gen  total 37888K, used 37743K [0x182e0000, 0x1a7e0000, 0x1e2e0000)
   the space 37888K,  99% used [0x182e0000, 0x1a7bbcf0, 0x1a7bbe00, 0x1a7e0000)
No shared spaces configured.
Event: 874.656 GC heap after
Heap after GC invocations=189 (full 2):
 def new generation   total 24704K, used 516K [0x102e0000, 0x11da0000, 0x122e0000)
  eden space 22016K,   0% used [0x102e0000, 0x102e0000, 0x11860000)
  from space 2688K,  19% used [0x11b00000, 0x11b81230, 0x11da0000)
  to   space 2688K,   0% used [0x11860000, 0x11860000, 0x11b00000)
 tenured generation   total 81920K, used 72071K [0x122e0000, 0x172e0000, 0x182e0000)
   the space 81920K,  87% used [0x122e0000, 0x16941c18, 0x16941e00, 0x172e0000)
 compacting perm gen  total 37888K, used 37743K [0x182e0000, 0x1a7e0000, 0x1e2e0000)
   the space 37888K,  99% used [0x182e0000, 0x1a7bbcf0, 0x1a7bbe00, 0x1a7e0000)
No shared spaces configured.
}
Event: 949.650 GC heap before
{Heap before GC invocations=189 (full 2):
 def new generation   total 24704K, used 22532K [0x102e0000, 0x11da0000, 0x122e0000)
  eden space 22016K, 100% used [0x102e0000, 0x11860000, 0x11860000)
  from space 2688K,  19% used [0x11b00000, 0x11b81230, 0x11da0000)
  to   space 2688K,   0% used [0x11860000, 0x11860000, 0x11b00000)
 tenured generation   total 81920K, used 72071K [0x122e0000, 0x172e0000, 0x182e0000)
   the space 81920K,  87% used [0x122e0000, 0x16941c18, 0x16941e00, 0x172e0000)
 compacting perm gen  total 37888K, used 37743K [0x182e0000, 0x1a7e0000, 0x1e2e0000)
   the space 37888K,  99% used [0x182e0000, 0x1a7bbcf0, 0x1a7bbe00, 0x1a7e0000)
No shared spaces configured.
Event: 949.653 GC heap after
Heap after GC invocations=190 (full 2):
 def new generation   total 24704K, used 496K [0x102e0000, 0x11da0000, 0x122e0000)
  eden space 22016K,   0% used [0x102e0000, 0x102e0000, 0x11860000)
  from space 2688K,  18% used [0x11860000, 0x118dc278, 0x11b00000)
  to   space 2688K,   0% used [0x11b00000, 0x11b00000, 0x11da0000)
 tenured generation   total 81920K, used 72071K [0x122e0000, 0x172e0000, 0x182e0000)
   the space 81920K,  87% used [0x122e0000, 0x16941c18, 0x16941e00, 0x172e0000)
 compacting perm gen  total 37888K, used 37743K [0x182e0000, 0x1a7e0000, 0x1e2e0000)
   the space 37888K,  99% used [0x182e0000, 0x1a7bbcf0, 0x1a7bbe00, 0x1a7e0000)
No shared spaces configured.
}
Event: 1024.648 GC heap before
{Heap before GC invocations=190 (full 2):
 def new generation   total 24704K, used 22512K [0x102e0000, 0x11da0000, 0x122e0000)
  eden space 22016K, 100% used [0x102e0000, 0x11860000, 0x11860000)
  from space 2688K,  18% used [0x11860000, 0x118dc278, 0x11b00000)
  to   space 2688K,   0% used [0x11b00000, 0x11b00000, 0x11da0000)
 tenured generation   total 81920K, used 72071K [0x122e0000, 0x172e0000, 0x182e0000)
   the space 81920K,  87% used [0x122e0000, 0x16941c18, 0x16941e00, 0x172e0000)
 compacting perm gen  total 37888K, used 37743K [0x182e0000, 0x1a7e0000, 0x1e2e0000)
   the space 37888K,  99% used [0x182e0000, 0x1a7bbcf0, 0x1a7bbe00, 0x1a7e0000)
No shared spaces configured.
Event: 1024.652 GC heap after
Heap after GC invocations=191 (full 2):
 def new generation   total 24704K, used 485K [0x102e0000, 0x11da0000, 0x122e0000)
  eden space 22016K,   0% used [0x102e0000, 0x102e0000, 0x11860000)
  from space 2688K,  18% used [0x11b00000, 0x11b796b8, 0x11da0000)
  to   space 2688K,   0% used [0x11860000, 0x11860000, 0x11b00000)
 tenured generation   total 81920K, used 72071K [0x122e0000, 0x172e0000, 0x182e0000)
   the space 81920K,  87% used [0x122e0000, 0x16941c18, 0x16941e00, 0x172e0000)
 compacting perm gen  total 37888K, used 37743K [0x182e0000, 0x1a7e0000, 0x1e2e0000)
   the space 37888K,  99% used [0x182e0000, 0x1a7bbcf0, 0x1a7bbe00, 0x1a7e0000)
No shared spaces configured.
}
Event: 1081.291 GC heap before
{Heap before GC invocations=191 (full 2):
 def new generation   total 24704K, used 22501K [0x102e0000, 0x11da0000, 0x122e0000)
  eden space 22016K, 100% used [0x102e0000, 0x11860000, 0x11860000)
  from space 2688K,  18% used [0x11b00000, 0x11b796b8, 0x11da0000)
  to   space 2688K,   0% used [0x11860000, 0x11860000, 0x11b00000)
 tenured generation   total 81920K, used 72071K [0x122e0000, 0x172e0000, 0x182e0000)
   the space 81920K,  87% used [0x122e0000, 0x16941c18, 0x16941e00, 0x172e0000)
 compacting perm gen  total 37888K, used 37745K [0x182e0000, 0x1a7e0000, 0x1e2e0000)
   the space 37888K,  99% used [0x182e0000, 0x1a7bc400, 0x1a7bc400, 0x1a7e0000)
No shared spaces configured.
Event: 1081.295 GC heap after
Heap after GC invocations=192 (full 2):
 def new generation   total 24704K, used 772K [0x102e0000, 0x11da0000, 0x122e0000)
  eden space 22016K,   0% used [0x102e0000, 0x102e0000, 0x11860000)
  from space 2688K,  28% used [0x11860000, 0x11921368, 0x11b00000)
  to   space 2688K,   0% used [0x11b00000, 0x11b00000, 0x11da0000)
 tenured generation   total 81920K, used 72071K [0x122e0000, 0x172e0000, 0x182e0000)
   the space 81920K,  87% used [0x122e0000, 0x16941c18, 0x16941e00, 0x172e0000)
 compacting perm gen  total 37888K, used 37745K [0x182e0000, 0x1a7e0000, 0x1e2e0000)
   the space 37888K,  99% used [0x182e0000, 0x1a7bc400, 0x1a7bc400, 0x1a7e0000)
No shared spaces configured.
}

