# JRE version: 7.0_11-b21
# Java VM: Java HotSpot(TM) Client VM (23.6-b04 mixed mode windows-x86 )
Heap
 def new generation   total 28928K, used 12658K [0x102e0000, 0x12240000, 0x122e0000)
  eden space 25728K,  49% used [0x102e0000, 0x10f3c8b0, 0x11c00000)
  from space 3200K,   0% used [0x11f20000, 0x11f20000, 0x12240000)
  to   space 3200K,   0% used [0x11c00000, 0x11c00000, 0x11f20000)
 tenured generation   total 96208K, used 55970K [0x122e0000, 0x180d4000, 0x182e0000)
   the space 96208K,  58% used [0x122e0000, 0x159889b8, 0x15988a00, 0x180d4000)
 compacting perm gen  total 39424K, used 39300K [0x182e0000, 0x1a960000, 0x1e2e0000)
   the space 39424K,  99% used [0x182e0000, 0x1a941200, 0x1a941200, 0x1a960000)
GC Heap History (10 events):
Event: 20723.123 GC heap before
{Heap before GC invocations=991 (full 5):
 def new generation   total 28928K, used 26710K [0x102e0000, 0x12240000, 0x122e0000)
  eden space 25728K, 100% used [0x102e0000, 0x11c00000, 0x11c00000)
  from space 3200K,  30% used [0x11f20000, 0x12015898, 0x12240000)
  to   space 3200K,   0% used [0x11c00000, 0x11c00000, 0x11f20000)
 tenured generation   total 96208K, used 93478K [0x122e0000, 0x180d4000, 0x182e0000)
   the space 96208K,  97% used [0x122e0000, 0x17e29840, 0x17e29a00, 0x180d4000)
 compacting perm gen  total 38912K, used 38735K [0x182e0000, 0x1a8e0000, 0x1e2e0000)
   the space 38912K,  99% used [0x182e0000, 0x1a8b3cd0, 0x1a8b3e00, 0x1a8e0000)
No shared spaces configured.
Event: 20723.127 GC heap after
Heap after GC invocations=992 (full 5):
 def new generation   total 28928K, used 1028K [0x102e0000, 0x12240000, 0x122e0000)
  eden space 25728K,   0% used [0x102e0000, 0x102e0000, 0x11c00000)
  from space 3200K,  32% used [0x11c00000, 0x11d01110, 0x11f20000)
  to   space 3200K,   0% used [0x11f20000, 0x11f20000, 0x12240000)
 tenured generation   total 96208K, used 93478K [0x122e0000, 0x180d4000, 0x182e0000)
   the space 96208K,  97% used [0x122e0000, 0x17e29840, 0x17e29a00, 0x180d4000)
 compacting perm gen  total 38912K, used 38735K [0x182e0000, 0x1a8e0000, 0x1e2e0000)
   the space 38912K,  99% used [0x182e0000, 0x1a8b3cd0, 0x1a8b3e00, 0x1a8e0000)
No shared spaces configured.
}
Event: 20728.548 GC heap before
{Heap before GC invocations=992 (full 5):
 def new generation   total 28928K, used 26756K [0x102e0000, 0x12240000, 0x122e0000)
  eden space 25728K, 100% used [0x102e0000, 0x11c00000, 0x11c00000)
  from space 3200K,  32% used [0x11c00000, 0x11d01110, 0x11f20000)
  to   space 3200K,   0% used [0x11f20000, 0x11f20000, 0x12240000)
 tenured generation   total 96208K, used 93478K [0x122e0000, 0x180d4000, 0x182e0000)
   the space 96208K,  97% used [0x122e0000, 0x17e29840, 0x17e29a00, 0x180d4000)
 compacting perm gen  total 39168K, used 39060K [0x182e0000, 0x1a920000, 0x1e2e0000)
   the space 39168K,  99% used [0x182e0000, 0x1a905108, 0x1a905200, 0x1a920000)
No shared spaces configured.
Event: 20728.554 GC heap after
Heap after GC invocations=993 (full 5):
 def new generation   total 28928K, used 1382K [0x102e0000, 0x12240000, 0x122e0000)
  eden space 25728K,   0% used [0x102e0000, 0x102e0000, 0x11c00000)
  from space 3200K,  43% used [0x11f20000, 0x12079860, 0x12240000)
  to   space 3200K,   0% used [0x11c00000, 0x11c00000, 0x11f20000)
 tenured generation   total 96208K, used 93478K [0x122e0000, 0x180d4000, 0x182e0000)
   the space 96208K,  97% used [0x122e0000, 0x17e29840, 0x17e29a00, 0x180d4000)
 compacting perm gen  total 39168K, used 39060K [0x182e0000, 0x1a920000, 0x1e2e0000)
   the space 39168K,  99% used [0x182e0000, 0x1a905108, 0x1a905200, 0x1a920000)
No shared spaces configured.
}
Event: 20729.986 GC heap before
{Heap before GC invocations=993 (full 5):
 def new generation   total 28928K, used 27110K [0x102e0000, 0x12240000, 0x122e0000)
  eden space 25728K, 100% used [0x102e0000, 0x11c00000, 0x11c00000)
  from space 3200K,  43% used [0x11f20000, 0x12079860, 0x12240000)
  to   space 3200K,   0% used [0x11c00000, 0x11c00000, 0x11f20000)
 tenured generation   total 96208K, used 93478K [0x122e0000, 0x180d4000, 0x182e0000)
   the space 96208K,  97% used [0x122e0000, 0x17e29840, 0x17e29a00, 0x180d4000)
 compacting perm gen  total 39424K, used 39185K [0x182e0000, 0x1a960000, 0x1e2e0000)
   the space 39424K,  99% used [0x182e0000, 0x1a924630, 0x1a924800, 0x1a960000)
No shared spaces configured.
Event: 20729.992 GC heap after
Heap after GC invocations=994 (full 5):
 def new generation   total 28928K, used 1519K [0x102e0000, 0x12240000, 0x122e0000)
  eden space 25728K,   0% used [0x102e0000, 0x102e0000, 0x11c00000)
  from space 3200K,  47% used [0x11c00000, 0x11d7bd40, 0x11f20000)
  to   space 3200K,   0% used [0x11f20000, 0x11f20000, 0x12240000)
 tenured generation   total 96208K, used 93478K [0x122e0000, 0x180d4000, 0x182e0000)
   the space 96208K,  97% used [0x122e0000, 0x17e29840, 0x17e29a00, 0x180d4000)
 compacting perm gen  total 39424K, used 39185K [0x182e0000, 0x1a960000, 0x1e2e0000)
   the space 39424K,  99% used [0x182e0000, 0x1a924630, 0x1a924800, 0x1a960000)
No shared spaces configured.
}
Event: 20735.751 GC heap before
{Heap before GC invocations=994 (full 5):
 def new generation   total 28928K, used 27247K [0x102e0000, 0x12240000, 0x122e0000)
  eden space 25728K, 100% used [0x102e0000, 0x11c00000, 0x11c00000)
  from space 3200K,  47% used [0x11c00000, 0x11d7bd40, 0x11f20000)
  to   space 3200K,   0% used [0x11f20000, 0x11f20000, 0x12240000)
 tenured generation   total 96208K, used 93478K [0x122e0000, 0x180d4000, 0x182e0000)
   the space 96208K,  97% used [0x122e0000, 0x17e29840, 0x17e29a00, 0x180d4000)
 compacting perm gen  total 39424K, used 39185K [0x182e0000, 0x1a960000, 0x1e2e0000)
   the space 39424K,  99% used [0x182e0000, 0x1a924630, 0x1a924800, 0x1a960000)
No shared spaces configured.
Event: 20735.758 GC heap after
Heap after GC invocations=995 (full 5):
 def new generation   total 28928K, used 1281K [0x102e0000, 0x12240000, 0x122e0000)
  eden space 25728K,   0% used [0x102e0000, 0x102e0000, 0x11c00000)
  from space 3200K,  40% used [0x11f20000, 0x120606f8, 0x12240000)
  to   space 3200K,   0% used [0x11c00000, 0x11c00000, 0x11f20000)
 tenured generation   total 96208K, used 96184K [0x122e0000, 0x180d4000, 0x182e0000)
   the space 96208K,  99% used [0x122e0000, 0x180ce078, 0x180ce200, 0x180d4000)
 compacting perm gen  total 39424K, used 39185K [0x182e0000, 0x1a960000, 0x1e2e0000)
   the space 39424K,  99% used [0x182e0000, 0x1a924630, 0x1a924800, 0x1a960000)
No shared spaces configured.
}
Event: 20747.719 GC heap before
{Heap before GC invocations=995 (full 5):
 def new generation   total 28928K, used 27009K [0x102e0000, 0x12240000, 0x122e0000)
  eden space 25728K, 100% used [0x102e0000, 0x11c00000, 0x11c00000)
  from space 3200K,  40% used [0x11f20000, 0x120606f8, 0x12240000)
  to   space 3200K,   0% used [0x11c00000, 0x11c00000, 0x11f20000)
 tenured generation   total 96208K, used 96184K [0x122e0000, 0x180d4000, 0x182e0000)
   the space 96208K,  99% used [0x122e0000, 0x180ce078, 0x180ce200, 0x180d4000)
 compacting perm gen  total 39424K, used 39300K [0x182e0000, 0x1a960000, 0x1e2e0000)
   the space 39424K,  99% used [0x182e0000, 0x1a941200, 0x1a941200, 0x1a960000)
No shared spaces configured.
Event: 20747.965 GC heap after
Heap after GC invocations=996 (full 6):
 def new generation   total 28928K, used 0K [0x102e0000, 0x12240000, 0x122e0000)
  eden space 25728K,   0% used [0x102e0000, 0x102e0000, 0x11c00000)
  from space 3200K,   0% used [0x11f20000, 0x11f20000, 0x12240000)
  to   space 3200K,   0% used [0x11c00000, 0x11c00000, 0x11f20000)
 tenured generation   total 96208K, used 55970K [0x122e0000, 0x180d4000, 0x182e0000)
   the space 96208K,  58% used [0x122e0000, 0x159889b8, 0x15988a00, 0x180d4000)
 compacting perm gen  total 39424K, used 39300K [0x182e0000, 0x1a960000, 0x1e2e0000)
   the space 39424K,  99% used [0x182e0000, 0x1a941200, 0x1a941200, 0x1a960000)
No shared spaces configured.
}

